Starting prombot
Starting prombot
2020-03-15 23:55:51,018 - app - INFO - Starting prombot
2020-03-15 23:55:51,353 - app - INFO - Starting prombot
2020-03-16 17:08:13,356 - app - INFO - Starting prombot
2020-03-16 17:08:13,690 - app - INFO - Starting prombot
2020-03-16 17:10:38,042 - app - INFO - Starting prombot
2020-03-16 17:11:01,541 - app - INFO - Starting prombot
2020-03-16 17:11:01,922 - app - INFO - Starting prombot
2020-03-16 17:12:19,018 - app - INFO - Starting prombot
2020-03-16 17:12:58,176 - app - ERROR - Couln't decode prometheus alert: 'alertname'. Message: {'receiver': 'telegram-group', 'status': 'resolved', 'alerts': [{'status': 'resolved', 'labels': {'alertname': 'InstanceDown', 'instance': 'cadvisor:9092', 'job': 'cadvisor', 'severity': 'page'}, 'annotations': {'description': 'cadvisor:9092 of job cadvisor has been down for more than 5 minutes.', 'summary': 'Instance cadvisor:9092 down'}, 'startsAt': '2020-03-16T14:35:44.751520796Z', 'endsAt': '2020-03-16T14:38:44.751520796Z', 'generatorURL': 'http://prometheus:9090/graph?g0.expr=up+%3D%3D+0&g0.tab=1', 'fingerprint': '793355b8fd9ac7cf'}], 'groupLabels': {'alertname': 'InstanceDown'}, 'commonLabels': {'alertname': 'InstanceDown', 'instance': 'cadvisor:9092', 'job': 'cadvisor', 'severity': 'page'}, 'commonAnnotations': {'description': 'cadvisor:9092 of job cadvisor has been down for more than 5 minutes.', 'summary': 'Instance cadvisor:9092 down'}, 'externalURL': 'http://alertmanager:9093', 'version': '4', 'groupKey': '{}:{alertname="InstanceDown"}'}
2020-03-16 17:12:58,176 - app - INFO - Sent {'chat_id': '-489291168', 'text': '<b>Dwarferie alert</b>\nAn error prevented the alert to be detailed.Please check the logs.'} to https://api.telegram.org/bot1110478838:AAGZVZaDmjUPffFTIxpgLVIKI5r7yg5h_8g/sendMessage
2020-03-16 17:12:58,619 - app - DEBUG - Response <Response [200]>: b'{"ok":true,"result":{"message_id":36,"from":{"id":1110478838,"is_bot":true,"first_name":"DwarferieBot","username":"dwarferie_bot"},"chat":{"id":-489291168,"title":"Dwarferie","type":"group","all_members_are_administrators":true},"date":1584378778,"text":"<b>Dwarferie alert</b>\\nAn error prevented the alert to be detailed.Please check the logs."}}'
2020-03-16 17:15:48,878 - app - INFO - Starting prombot
2020-03-16 17:27:29,551 - app - INFO - Starting prombot
2020-03-16 17:27:57,645 - app - INFO - Starting prombot
2020-03-16 17:28:43,103 - app - INFO - Starting prombot
2020-03-16 17:28:45,535 - app - INFO - Starting prombot
2020-03-16 17:28:58,196 - app - INFO - Starting prombot
2020-03-16 17:30:21,335 - app - INFO - Starting prombot
2020-03-16 17:30:21,661 - app - INFO - Starting prombot
2020-03-16 17:30:23,408 - app - ERROR - Couln't decode prometheus alert: 'summary'. Message: {'receiver': 'telegram-group', 'status': 'resolved', 'alerts': [{'status': 'resolved', 'labels': {'alertname': 'InstanceDown', 'instance': 'cadvisor:9092', 'job': 'cadvisor', 'severity': 'page'}, 'annotations': {'description': 'cadvisor:9092 of job cadvisor has been down for more than 5 minutes.', 'summary': 'Instance cadvisor:9092 down'}, 'startsAt': '2020-03-16T14:35:44.751520796Z', 'endsAt': '2020-03-16T14:38:44.751520796Z', 'generatorURL': 'http://prometheus:9090/graph?g0.expr=up+%3D%3D+0&g0.tab=1', 'fingerprint': '793355b8fd9ac7cf'}], 'groupLabels': {'alertname': 'InstanceDown'}, 'commonLabels': {'alertname': 'InstanceDown', 'instance': 'cadvisor:9092', 'job': 'cadvisor', 'severity': 'page'}, 'commonAnnotations': {'description': 'cadvisor:9092 of job cadvisor has been down for more than 5 minutes.', 'summary': 'Instance cadvisor:9092 down'}, 'externalURL': 'http://alertmanager:9093', 'version': '4', 'groupKey': '{}:{alertname="InstanceDown"}'}
2020-03-16 17:30:23,408 - app - INFO - Sent {'chat_id': '-489291168', 'text': '<b>Dwarferie alert</b>\nAn error prevented the alert to be detailed.Please check the logs.'} to https://api.telegram.org/bot1110478838:AAGZVZaDmjUPffFTIxpgLVIKI5r7yg5h_8g/sendMessage
2020-03-16 17:30:23,620 - app - DEBUG - Response <Response [200]>: b'{"ok":true,"result":{"message_id":37,"from":{"id":1110478838,"is_bot":true,"first_name":"DwarferieBot","username":"dwarferie_bot"},"chat":{"id":-489291168,"title":"Dwarferie","type":"group","all_members_are_administrators":true},"date":1584379823,"text":"<b>Dwarferie alert</b>\\nAn error prevented the alert to be detailed.Please check the logs."}}'
2020-03-16 17:31:48,815 - app - INFO - Starting prombot
2020-03-16 17:34:27,642 - app - INFO - Starting prombot
2020-03-16 17:34:27,965 - app - INFO - Starting prombot
2020-03-16 17:34:29,522 - app - ERROR - Couln't decode prometheus alert: 'summary'. Message: {'receiver': 'telegram-group', 'status': 'resolved', 'alerts': [{'status': 'resolved', 'labels': {'alertname': 'InstanceDown', 'instance': 'cadvisor:9092', 'job': 'cadvisor', 'severity': 'page'}, 'annotations': {'description': 'cadvisor:9092 of job cadvisor has been down for more than 5 minutes.', 'summary': 'Instance cadvisor:9092 down'}, 'startsAt': '2020-03-16T14:35:44.751520796Z', 'endsAt': '2020-03-16T14:38:44.751520796Z', 'generatorURL': 'http://prometheus:9090/graph?g0.expr=up+%3D%3D+0&g0.tab=1', 'fingerprint': '793355b8fd9ac7cf'}], 'groupLabels': {'alertname': 'InstanceDown'}, 'commonLabels': {'alertname': 'InstanceDown', 'instance': 'cadvisor:9092', 'job': 'cadvisor', 'severity': 'page'}, 'commonAnnotations': {'description': 'cadvisor:9092 of job cadvisor has been down for more than 5 minutes.', 'summary': 'Instance cadvisor:9092 down'}, 'externalURL': 'http://alertmanager:9093', 'version': '4', 'groupKey': '{}:{alertname="InstanceDown"}'}
2020-03-16 17:34:29,522 - app - INFO - Sent {'chat_id': '-489291168', 'text': '<b>Dwarferie alert</b>\nAn error prevented the alert to be detailed.Please check the logs.'} to https://api.telegram.org/bot1110478838:AAGZVZaDmjUPffFTIxpgLVIKI5r7yg5h_8g/sendMessage
2020-03-16 17:34:29,832 - app - DEBUG - Response <Response [200]>: b'{"ok":true,"result":{"message_id":38,"from":{"id":1110478838,"is_bot":true,"first_name":"DwarferieBot","username":"dwarferie_bot"},"chat":{"id":-489291168,"title":"Dwarferie","type":"group","all_members_are_administrators":true},"date":1584380069,"text":"<b>Dwarferie alert</b>\\nAn error prevented the alert to be detailed.Please check the logs."}}'
2020-03-16 17:35:17,408 - app - INFO - Starting prombot
2020-03-16 17:35:35,351 - app - INFO - Starting prombot
2020-03-16 17:35:47,164 - app - INFO - Starting prombot
2020-03-16 17:35:47,481 - app - INFO - Starting prombot
2020-03-16 17:35:49,030 - app - INFO - Sent {'chat_id': '-489291168', 'text': '<b>Dwarferie alert resolved: Instance cadvisor:9092 down</b>\n\nresolved: cadvisor:9092 of job cadvisor has been down for more than 5 minutes.'} to https://api.telegram.org/bot1110478838:AAGZVZaDmjUPffFTIxpgLVIKI5r7yg5h_8g/sendMessage
2020-03-16 17:35:49,398 - app - DEBUG - Response <Response [200]>: b'{"ok":true,"result":{"message_id":39,"from":{"id":1110478838,"is_bot":true,"first_name":"DwarferieBot","username":"dwarferie_bot"},"chat":{"id":-489291168,"title":"Dwarferie","type":"group","all_members_are_administrators":true},"date":1584380149,"text":"<b>Dwarferie alert resolved: Instance cadvisor:9092 down</b>\\n\\nresolved: cadvisor:9092 of job cadvisor has been down for more than 5 minutes."}}'
2020-03-16 17:45:32,201 - app - INFO - Starting prombot
2020-03-16 17:45:32,553 - app - INFO - Starting prombot
2020-03-16 17:47:15,054 - app - INFO - Starting prombot
2020-03-16 17:47:22,145 - app - INFO - Starting prombot
2020-03-16 17:47:22,483 - app - INFO - Starting prombot
2020-03-16 17:47:23,928 - app - INFO - Sent {'chat_id': '-489291168', 'parse_mode': 'HTML', 'text': '<b>Dwarferie alert resolved: Instance cadvisor:9092 down</b>\n\n<a href=http://192.168.0.198:9090/graph?g0.expr=up+%3D%3D+0&g0.tab=1>resolved</a>: cadvisor:9092 of job cadvisor has been down for more than 5 minutes.'} to https://api.telegram.org/bot1110478838:AAGZVZaDmjUPffFTIxpgLVIKI5r7yg5h_8g/sendMessage
2020-03-16 17:47:24,162 - app - DEBUG - Response <Response [400]>: b'{"ok":false,"error_code":400,"description":"Bad Request: can\'t parse entities: Unexpected end of name token at byte offset 70"}'
2020-03-16 17:49:20,319 - app - INFO - Starting prombot
2020-03-16 17:49:24,796 - app - INFO - Starting prombot
2020-03-16 17:49:25,122 - app - INFO - Starting prombot
2020-03-16 17:49:26,873 - app - INFO - Sent {'chat_id': '-489291168', 'parse_mode': 'HTML', 'text': '<b>Dwarferie alert resolved: Instance cadvisor:9092 down</b>\n\n<a href=http://prometheus:9090/graph?g0.expr=up+%3D%3D+0&g0.tab=1>resolved</a>: cadvisor:9092 of job cadvisor has been down for more than 5 minutes.'} to https://api.telegram.org/bot1110478838:AAGZVZaDmjUPffFTIxpgLVIKI5r7yg5h_8g/sendMessage
2020-03-16 17:49:27,176 - app - DEBUG - Response <Response [400]>: b'{"ok":false,"error_code":400,"description":"Bad Request: can\'t parse entities: Unexpected end of name token at byte offset 70"}'
2020-03-16 17:49:59,292 - app - INFO - Starting prombot
2020-03-16 17:50:02,524 - app - INFO - Sent {'chat_id': '-489291168', 'parse_mode': 'HTML', 'text': '<b>Dwarferie alert resolved: Instance cadvisor:9092 down</b>\n\n<a href=pipo>resolved</a>: cadvisor:9092 of job cadvisor has been down for more than 5 minutes.'} to https://api.telegram.org/bot1110478838:AAGZVZaDmjUPffFTIxpgLVIKI5r7yg5h_8g/sendMessage
2020-03-16 17:50:02,834 - app - DEBUG - Response <Response [200]>: b'{"ok":true,"result":{"message_id":40,"from":{"id":1110478838,"is_bot":true,"first_name":"DwarferieBot","username":"dwarferie_bot"},"chat":{"id":-489291168,"title":"Dwarferie","type":"group","all_members_are_administrators":true},"date":1584381002,"text":"Dwarferie alert resolved: Instance cadvisor:9092 down\\n\\nresolved: cadvisor:9092 of job cadvisor has been down for more than 5 minutes.","entities":[{"offset":0,"length":53,"type":"bold"}]}}'
2020-03-16 17:50:28,467 - app - INFO - Starting prombot
2020-03-16 17:50:40,099 - app - INFO - Starting prombot
2020-03-16 17:51:00,470 - app - INFO - Sent {'chat_id': '-489291168', 'parse_mode': 'HTML', 'text': "<b>Dwarferie alert resolved: Instance cadvisor:9092 down</b>\n\n<u><a href='pipo'>resolved</a></u>: cadvisor:9092 of job cadvisor has been down for more than 5 minutes."} to https://api.telegram.org/bot1110478838:AAGZVZaDmjUPffFTIxpgLVIKI5r7yg5h_8g/sendMessage
2020-03-16 17:51:00,742 - app - DEBUG - Response <Response [200]>: b'{"ok":true,"result":{"message_id":41,"from":{"id":1110478838,"is_bot":true,"first_name":"DwarferieBot","username":"dwarferie_bot"},"chat":{"id":-489291168,"title":"Dwarferie","type":"group","all_members_are_administrators":true},"date":1584381060,"text":"Dwarferie alert resolved: Instance cadvisor:9092 down\\n\\nresolved: cadvisor:9092 of job cadvisor has been down for more than 5 minutes.","entities":[{"offset":0,"length":53,"type":"bold"},{"offset":55,"length":8,"type":"underline"}]}}'
2020-03-16 17:53:01,631 - app - INFO - Starting prombot
2020-03-16 17:53:04,382 - app - INFO - Sent {'chat_id': '-489291168', 'parse_mode': 'HTML', 'text': '<b>Dwarferie alert resolved: Instance cadvisor:9092 down</b>\n\n<u><a href="http://prometheus:9090/graph?g0.expr=up+%3D%3D+0&g0.tab=1">resolved</a></u>: cadvisor:9092 of job cadvisor has been down for more than 5 minutes.'} to https://api.telegram.org/bot1110478838:AAGZVZaDmjUPffFTIxpgLVIKI5r7yg5h_8g/sendMessage
2020-03-16 17:53:04,563 - app - DEBUG - Response <Response [200]>: b'{"ok":true,"result":{"message_id":42,"from":{"id":1110478838,"is_bot":true,"first_name":"DwarferieBot","username":"dwarferie_bot"},"chat":{"id":-489291168,"title":"Dwarferie","type":"group","all_members_are_administrators":true},"date":1584381184,"text":"Dwarferie alert resolved: Instance cadvisor:9092 down\\n\\nresolved: cadvisor:9092 of job cadvisor has been down for more than 5 minutes.","entities":[{"offset":0,"length":53,"type":"bold"},{"offset":55,"length":8,"type":"underline"}]}}'
2020-03-16 17:55:00,646 - app - INFO - Starting prombot
2020-03-16 17:57:06,743 - app - INFO - Starting prombot
2020-03-16 17:58:04,421 - app - INFO - Starting prombot
2020-03-16 17:58:09,404 - app - INFO - Sent {'chat_id': '-489291168', 'parse_mode': 'MarkdownV2', 'text': '*Dwarferie alert resolved: Instance cadvisor:9092 down*\n\n__[resolved](http://prometheus:9090/graph?g0.expr=up+%3D%3D+0&g0.tab=1)__: cadvisor:9092 of job cadvisor has been down for more than 5 minutes.'} to https://api.telegram.org/bot1110478838:AAGZVZaDmjUPffFTIxpgLVIKI5r7yg5h_8g/sendMessage
2020-03-16 17:58:09,707 - app - DEBUG - Response <Response [400]>: b'{"ok":false,"error_code":400,"description":"Bad Request: can\'t parse entities: Character \'.\' is reserved and must be escaped with the preceding \'\\\\\'"}'
2020-03-16 18:00:39,051 - app - INFO - Starting prombot
2020-03-16 18:00:47,627 - app - INFO - Starting prombot
2020-03-16 18:01:16,863 - app - INFO - Starting prombot
2020-03-16 18:01:19,250 - app - INFO - Sent {'chat_id': '-489291168', 'parse_mode': 'HTML', 'text': '<b><a href=\'http://pipo\'>pp</a>Dwarferie alert resolved: Instance cadvisor:9092 down</b>\n\n<u><a href="http://prometheus:9090/graph?g0.expr=up+%3D%3D+0&g0.tab=1">resolved</a></u>: cadvisor:9092 of job cadvisor has been down for more than 5 minutes.'} to https://api.telegram.org/bot1110478838:AAGZVZaDmjUPffFTIxpgLVIKI5r7yg5h_8g/sendMessage
2020-03-16 18:01:19,589 - app - DEBUG - Response <Response [200]>: b'{"ok":true,"result":{"message_id":43,"from":{"id":1110478838,"is_bot":true,"first_name":"DwarferieBot","username":"dwarferie_bot"},"chat":{"id":-489291168,"title":"Dwarferie","type":"group","all_members_are_administrators":true},"date":1584381679,"text":"ppDwarferie alert resolved: Instance cadvisor:9092 down\\n\\nresolved: cadvisor:9092 of job cadvisor has been down for more than 5 minutes.","entities":[{"offset":0,"length":55,"type":"bold"},{"offset":57,"length":8,"type":"underline"}]}}'
2020-03-16 18:03:14,809 - app - INFO - Starting prombot
2020-03-16 18:04:00,386 - app - INFO - Starting prombot
2020-03-16 18:04:06,404 - app - INFO - Sent {'chat_id': '-489291168', 'parse_mode': 'HTML', 'text': '<b> Dwarferie alert resolved: Instance cadvisor:9092 down</b>\n\n<u><a href="http://prometheus:9090/graph?g0.expr=up+%3D%3D+0&g0.tab=1">resolved</a></u>: cadvisor:9092 of job cadvisor has been down for more than 5 minutes.<a href="http://pipo">some link</a>'} to https://api.telegram.org/bot1110478838:AAGZVZaDmjUPffFTIxpgLVIKI5r7yg5h_8g/sendMessage
2020-03-16 18:04:06,663 - app - DEBUG - Response <Response [200]>: b'{"ok":true,"result":{"message_id":44,"from":{"id":1110478838,"is_bot":true,"first_name":"DwarferieBot","username":"dwarferie_bot"},"chat":{"id":-489291168,"title":"Dwarferie","type":"group","all_members_are_administrators":true},"date":1584381846,"text":" Dwarferie alert resolved: Instance cadvisor:9092 down\\n\\nresolved: cadvisor:9092 of job cadvisor has been down for more than 5 minutes.some link","entities":[{"offset":0,"length":54,"type":"bold"},{"offset":56,"length":8,"type":"underline"}]}}'
2020-03-16 18:08:06,812 - app - INFO - Starting prombot
2020-03-16 18:09:06,536 - app - INFO - Starting prombot
2020-03-16 18:09:10,225 - app - INFO - Sent {'chat_id': '-489291168', 'parse_mode': 'MarkdownV2', 'text': '<a href="http://pipo">some link</a> [some pther link](http://pipo2)'} to https://api.telegram.org/bot1110478838:AAGZVZaDmjUPffFTIxpgLVIKI5r7yg5h_8g/sendMessage
2020-03-16 18:09:10,423 - app - DEBUG - Response <Response [400]>: b'{"ok":false,"error_code":400,"description":"Bad Request: can\'t parse entities: Character \'=\' is reserved and must be escaped with the preceding \'\\\\\'"}'
2020-03-16 18:09:33,651 - app - INFO - Starting prombot
2020-03-16 18:09:47,326 - app - INFO - Starting prombot
2020-03-16 18:09:51,197 - app - INFO - Sent {'chat_id': '-489291168', 'parse_mode': 'MarkdownV2', 'text': '<a href\\="http://pipo">some link</a> [some pther link](http://pipo2)'} to https://api.telegram.org/bot1110478838:AAGZVZaDmjUPffFTIxpgLVIKI5r7yg5h_8g/sendMessage
2020-03-16 18:09:51,471 - app - DEBUG - Response <Response [400]>: b'{"ok":false,"error_code":400,"description":"Bad Request: can\'t parse entities: Character \'>\' is reserved and must be escaped with the preceding \'\\\\\'"}'
2020-03-16 18:10:10,244 - app - INFO - Starting prombot
2020-03-16 18:10:19,285 - app - INFO - Sent {'chat_id': '-489291168', 'parse_mode': 'MarkdownV2', 'text': ' [some pther link](http://pipo2)'} to https://api.telegram.org/bot1110478838:AAGZVZaDmjUPffFTIxpgLVIKI5r7yg5h_8g/sendMessage
2020-03-16 18:10:19,628 - app - DEBUG - Response <Response [200]>: b'{"ok":true,"result":{"message_id":45,"from":{"id":1110478838,"is_bot":true,"first_name":"DwarferieBot","username":"dwarferie_bot"},"chat":{"id":-489291168,"title":"Dwarferie","type":"group","all_members_are_administrators":true},"date":1584382219,"text":"some pther link"}}'
2020-03-16 18:12:14,359 - app - INFO - Starting prombot
2020-03-16 18:12:36,200 - app - INFO - Starting prombot
2020-03-16 18:12:50,997 - app - INFO - Starting prombot
2020-03-16 18:12:59,597 - app - INFO - Starting prombot
2020-03-16 18:13:04,862 - app - INFO - Sent {'chat_id': '-489291168', 'parse_mode': 'HTML', 'text': '<b>Dwarferie alert resolved: Instance cadvisor:9092 down</b>\n\n<u><a href="http://192.168.0.198:9090/graph?g0.expr=up+%3D%3D+0&g0.tab=1">resolved</a></u>: cadvisor:9092 of job cadvisor has been down for more than 5 minutes.'} to https://api.telegram.org/bot1110478838:AAGZVZaDmjUPffFTIxpgLVIKI5r7yg5h_8g/sendMessage
2020-03-16 18:13:05,242 - app - DEBUG - Response <Response [200]>: b'{"ok":true,"result":{"message_id":46,"from":{"id":1110478838,"is_bot":true,"first_name":"DwarferieBot","username":"dwarferie_bot"},"chat":{"id":-489291168,"title":"Dwarferie","type":"group","all_members_are_administrators":true},"date":1584382385,"text":"Dwarferie alert resolved: Instance cadvisor:9092 down\\n\\nresolved: cadvisor:9092 of job cadvisor has been down for more than 5 minutes.","entities":[{"offset":0,"length":53,"type":"bold"},{"offset":55,"length":8,"type":"text_link","url":"http://192.168.0.198:9090/graph?g0.expr=up+%3D%3D+0&g0.tab=1"},{"offset":55,"length":8,"type":"underline"}]}}'
2020-03-16 18:16:16,925 - app - INFO - Starting prombot
2020-03-16 18:19:57,806 - app - INFO - Starting prombot
2020-03-16 18:19:58,147 - app - INFO - Starting prombot
2020-03-16 18:19:59,850 - app - INFO - Sent {'chat_id': '-489291168', 'parse_mode': 'HTML', 'text': '<b>Dwarferie alert resolved: Instance cadvisor:9092 down</b>\n\n<u><a href="http://192.168.0.198:9090/graph?g0.expr=up+%3D%3D+0&g0.tab=1">resolved</a></u>: cadvisor:9092 of job cadvisor has been down for more than 5 minutes.'} to https://api.telegram.org/bot1110478838:AAGZVZaDmjUPffFTIxpgLVIKI5r7yg5h_8g/sendMessage
2020-03-16 18:20:00,222 - app - DEBUG - Response <Response [200]>: b'{"ok":true,"result":{"message_id":47,"from":{"id":1110478838,"is_bot":true,"first_name":"DwarferieBot","username":"dwarferie_bot"},"chat":{"id":-489291168,"title":"Dwarferie","type":"group","all_members_are_administrators":true},"date":1584382800,"text":"Dwarferie alert resolved: Instance cadvisor:9092 down\\n\\nresolved: cadvisor:9092 of job cadvisor has been down for more than 5 minutes.","entities":[{"offset":0,"length":53,"type":"bold"},{"offset":55,"length":8,"type":"text_link","url":"http://192.168.0.198:9090/graph?g0.expr=up+%3D%3D+0&g0.tab=1"},{"offset":55,"length":8,"type":"underline"}]}}'
2020-03-16 18:24:34,945 - app - INFO - Starting prombot
